\BOOKMARK [0][-]{chapter.1}{\376\377\0001\000\040\000C\000l\000a\000s\000s\000\040\000I\000n\000d\000e\000x}{}% 1
\BOOKMARK [1][-]{section.1.1}{\376\377\0001\000.\0001\000\040\000C\000l\000a\000s\000s\000\040\000L\000i\000s\000t}{chapter.1}% 2
\BOOKMARK [0][-]{chapter.2}{\376\377\0002\000\040\000C\000l\000a\000s\000s\000\040\000D\000o\000c\000u\000m\000e\000n\000t\000a\000t\000i\000o\000n}{}% 3
\BOOKMARK [1][-]{section.2.1}{\376\377\0002\000.\0001\000\040\000m\000e\000s\000h\000\137\000n\000s\000:\000:\000C\000e\000l\000l\0002\000D\000\040\000C\000l\000a\000s\000s\000\040\000R\000e\000f\000e\000r\000e\000n\000c\000e}{chapter.2}% 4
\BOOKMARK [2][-]{subsection.2.1.1}{\376\377\0002\000.\0001\000.\0001\000\040\000D\000e\000t\000a\000i\000l\000e\000d\000\040\000D\000e\000s\000c\000r\000i\000p\000t\000i\000o\000n}{section.2.1}% 5
\BOOKMARK [2][-]{subsection.2.1.2}{\376\377\0002\000.\0001\000.\0002\000\040\000C\000o\000n\000s\000t\000r\000u\000c\000t\000o\000r\000\040\000\046\000\040\000D\000e\000s\000t\000r\000u\000c\000t\000o\000r\000\040\000D\000o\000c\000u\000m\000e\000n\000t\000a\000t\000i\000o\000n}{section.2.1}% 6
\BOOKMARK [3][-]{subsubsection.2.1.2.1}{\376\377\0002\000.\0001\000.\0002\000.\0001\000\040\000C\000e\000l\000l\0002\000D\000\050\000\051}{subsection.2.1.2}% 7
\BOOKMARK [2][-]{subsection.2.1.3}{\376\377\0002\000.\0001\000.\0003\000\040\000M\000e\000m\000b\000e\000r\000\040\000F\000u\000n\000c\000t\000i\000o\000n\000\040\000D\000o\000c\000u\000m\000e\000n\000t\000a\000t\000i\000o\000n}{section.2.1}% 8
\BOOKMARK [3][-]{subsubsection.2.1.3.1}{\376\377\0002\000.\0001\000.\0003\000.\0001\000\040\000e\000d\000g\000e\000\050\000\051}{subsection.2.1.3}% 9
\BOOKMARK [3][-]{subsubsection.2.1.3.2}{\376\377\0002\000.\0001\000.\0003\000.\0002\000\040\000e\000d\000g\000e\000s\000\050\000\051}{subsection.2.1.3}% 10
\BOOKMARK [3][-]{subsubsection.2.1.3.3}{\376\377\0002\000.\0001\000.\0003\000.\0003\000\040\000g\000e\000t\000\137\000c\000e\000l\000l\000\137\000a\000r\000e\000a\000\050\000\051}{subsection.2.1.3}% 11
\BOOKMARK [3][-]{subsubsection.2.1.3.4}{\376\377\0002\000.\0001\000.\0003\000.\0004\000\040\000g\000e\000t\000\137\000c\000e\000l\000l\000\137\000d\000i\000a\000m\000\050\000\051}{subsection.2.1.3}% 12
\BOOKMARK [3][-]{subsubsection.2.1.3.5}{\376\377\0002\000.\0001\000.\0003\000.\0005\000\040\000g\000e\000t\000\137\000e\000d\000g\000e\000\137\000m\000e\000a\000s\000u\000r\000e\000\050\000\051}{subsection.2.1.3}% 13
\BOOKMARK [3][-]{subsubsection.2.1.3.6}{\376\377\0002\000.\0001\000.\0003\000.\0006\000\040\000g\000e\000t\000\137\000n\000e\000i\000g\000h\000b\000o\000u\000r\000s\000\050\000\051}{subsection.2.1.3}% 14
\BOOKMARK [3][-]{subsubsection.2.1.3.7}{\376\377\0002\000.\0001\000.\0003\000.\0007\000\040\000i\000s\000\137\000b\000o\000u\000n\000d\000a\000r\000y\000\050\000\051}{subsection.2.1.3}% 15
\BOOKMARK [3][-]{subsubsection.2.1.3.8}{\376\377\0002\000.\0001\000.\0003\000.\0008\000\040\000i\000s\000\137\000b\000o\000u\000n\000d\000a\000r\000y\000\137\000e\000d\000g\000e\000\050\000\051}{subsection.2.1.3}% 16
\BOOKMARK [3][-]{subsubsection.2.1.3.9}{\376\377\0002\000.\0001\000.\0003\000.\0009\000\040\000i\000s\000\137\000b\000o\000u\000n\000d\000a\000r\000y\000\137\000v\000e\000r\000t\000e\000x\000\050\000\051}{subsection.2.1.3}% 17
\BOOKMARK [3][-]{subsubsection.2.1.3.10}{\376\377\0002\000.\0001\000.\0003\000.\0001\0000\000\040\000i\000s\000\137\000i\000n\000t\000e\000r\000n\000a\000l\000\050\000\051}{subsection.2.1.3}% 18
\BOOKMARK [3][-]{subsubsection.2.1.3.11}{\376\377\0002\000.\0001\000.\0003\000.\0001\0001\000\040\000i\000s\000\137\000i\000n\000t\000e\000r\000n\000a\000l\000\137\000v\000e\000r\000t\000e\000x\000\050\000\051}{subsection.2.1.3}% 19
\BOOKMARK [3][-]{subsubsection.2.1.3.12}{\376\377\0002\000.\0001\000.\0003\000.\0001\0002\000\040\000s\000e\000t\000\137\000c\000e\000n\000t\000e\000r\000\050\000\051}{subsection.2.1.3}% 20
\BOOKMARK [3][-]{subsubsection.2.1.3.13}{\376\377\0002\000.\0001\000.\0003\000.\0001\0003\000\040\000t\000a\000n\000g\000e\000n\000t\000\050\000\051}{subsection.2.1.3}% 21
\BOOKMARK [3][-]{subsubsection.2.1.3.14}{\376\377\0002\000.\0001\000.\0003\000.\0001\0004\000\040\000v\000e\000r\000t\000e\000x\000\050\000\051}{subsection.2.1.3}% 22
\BOOKMARK [3][-]{subsubsection.2.1.3.15}{\376\377\0002\000.\0001\000.\0003\000.\0001\0005\000\040\000v\000e\000r\000t\000e\000x\000\137\000c\000o\000o\000r\000d\000s\000\050\000\051}{subsection.2.1.3}% 23
\BOOKMARK [3][-]{subsubsection.2.1.3.16}{\376\377\0002\000.\0001\000.\0003\000.\0001\0006\000\040\000v\000e\000r\000t\000i\000c\000e\000s\000\050\000\051}{subsection.2.1.3}% 24
\BOOKMARK [3][-]{subsubsection.2.1.3.17}{\376\377\0002\000.\0001\000.\0003\000.\0001\0007\000\040\000v\000e\000r\000t\000i\000c\000e\000s\000\137\000c\000o\000o\000r\000d\000s\000\050\000\051}{subsection.2.1.3}% 25
\BOOKMARK [1][-]{section.2.2}{\376\377\0002\000.\0002\000\040\000m\000e\000s\000h\000\137\000n\000s\000:\000:\000M\000e\000s\000h\0002\000D\000\040\000C\000l\000a\000s\000s\000\040\000R\000e\000f\000e\000r\000e\000n\000c\000e}{chapter.2}% 26
\BOOKMARK [2][-]{subsection.2.2.1}{\376\377\0002\000.\0002\000.\0001\000\040\000D\000e\000t\000a\000i\000l\000e\000d\000\040\000D\000e\000s\000c\000r\000i\000p\000t\000i\000o\000n}{section.2.2}% 27
\BOOKMARK [2][-]{subsection.2.2.2}{\376\377\0002\000.\0002\000.\0002\000\040\000M\000e\000m\000b\000e\000r\000\040\000F\000u\000n\000c\000t\000i\000o\000n\000\040\000D\000o\000c\000u\000m\000e\000n\000t\000a\000t\000i\000o\000n}{section.2.2}% 28
\BOOKMARK [3][-]{subsubsection.2.2.2.1}{\376\377\0002\000.\0002\000.\0002\000.\0001\000\040\000c\000e\000l\000l\000s\000\050\000\051}{subsection.2.2.2}% 29
\BOOKMARK [3][-]{subsubsection.2.2.2.2}{\376\377\0002\000.\0002\000.\0002\000.\0002\000\040\000g\000e\000t\000\137\000v\000e\000r\000t\000e\000x\000\137\000c\000o\000o\000r\000d\000s\000\050\000\051}{subsection.2.2.2}% 30
\BOOKMARK [3][-]{subsubsection.2.2.2.3}{\376\377\0002\000.\0002\000.\0002\000.\0003\000\040\000n\000\137\000b\000c\000e\000l\000l\000s\000\050\000\051}{subsection.2.2.2}% 31
\BOOKMARK [3][-]{subsubsection.2.2.2.4}{\376\377\0002\000.\0002\000.\0002\000.\0004\000\040\000n\000\137\000b\000e\000d\000g\000e\000s\000\050\000\051}{subsection.2.2.2}% 32
\BOOKMARK [3][-]{subsubsection.2.2.2.5}{\376\377\0002\000.\0002\000.\0002\000.\0005\000\040\000n\000\137\000b\000v\000e\000r\000t\000e\000x\000s\000\050\000\051}{subsection.2.2.2}% 33
\BOOKMARK [3][-]{subsubsection.2.2.2.6}{\376\377\0002\000.\0002\000.\0002\000.\0006\000\040\000n\000\137\000v\000e\000r\000t\000e\000x\000s\000\050\000\051}{subsection.2.2.2}% 34
\BOOKMARK [3][-]{subsubsection.2.2.2.7}{\376\377\0002\000.\0002\000.\0002\000.\0007\000\040\000s\000e\000t\000\137\000v\000e\000r\000t\000i\000c\000e\000s\000\137\000c\000o\000o\000r\000d\000s\000\050\000\051}{subsection.2.2.2}% 35
\BOOKMARK [3][-]{subsubsection.2.2.2.8}{\376\377\0002\000.\0002\000.\0002\000.\0008\000\040\000x\000m\000a\000x\000\050\000\051}{subsection.2.2.2}% 36
\BOOKMARK [3][-]{subsubsection.2.2.2.9}{\376\377\0002\000.\0002\000.\0002\000.\0009\000\040\000x\000m\000i\000n\000\050\000\051}{subsection.2.2.2}% 37
\BOOKMARK [3][-]{subsubsection.2.2.2.10}{\376\377\0002\000.\0002\000.\0002\000.\0001\0000\000\040\000y\000m\000a\000x\000\050\000\051}{subsection.2.2.2}% 38
\BOOKMARK [3][-]{subsubsection.2.2.2.11}{\376\377\0002\000.\0002\000.\0002\000.\0001\0001\000\040\000y\000m\000i\000n\000\050\000\051}{subsection.2.2.2}% 39
\BOOKMARK [1][-]{section.2.3}{\376\377\0002\000.\0003\000\040\000m\000e\000s\000h\000\137\000n\000s\000:\000:\000M\000e\000s\000h\0002\000D\000B\000u\000i\000l\000d\000e\000r\000\040\000C\000l\000a\000s\000s\000\040\000R\000e\000f\000e\000r\000e\000n\000c\000e}{chapter.2}% 40
\BOOKMARK [2][-]{subsection.2.3.1}{\376\377\0002\000.\0003\000.\0001\000\040\000M\000e\000m\000b\000e\000r\000\040\000F\000u\000n\000c\000t\000i\000o\000n\000\040\000D\000o\000c\000u\000m\000e\000n\000t\000a\000t\000i\000o\000n}{section.2.3}% 41
\BOOKMARK [3][-]{subsubsection.2.3.1.1}{\376\377\0002\000.\0003\000.\0001\000.\0001\000\040\000b\000u\000i\000l\000d\000\137\000t\000h\000e\000\137\000m\000e\000s\000h\000\050\000\051}{subsection.2.3.1}% 42
\BOOKMARK [3][-]{subsubsection.2.3.1.2}{\376\377\0002\000.\0003\000.\0001\000.\0002\000\040\000r\000e\000a\000d\000\137\000t\000y\000p\0002\000\137\000m\000e\000s\000h\000\050\000\051}{subsection.2.3.1}% 43
\BOOKMARK [1][-]{section.2.4}{\376\377\0002\000.\0004\000\040\000m\000e\000s\000h\000\137\000n\000s\000:\000:\000M\000e\000s\000h\0002\000d\000R\000e\000a\000d\000e\000r\000T\000y\000p\0002\000\040\000C\000l\000a\000s\000s\000\040\000R\000e\000f\000e\000r\000e\000n\000c\000e}{chapter.2}% 44
\BOOKMARK [2][-]{subsection.2.4.1}{\376\377\0002\000.\0004\000.\0001\000\040\000D\000e\000t\000a\000i\000l\000e\000d\000\040\000D\000e\000s\000c\000r\000i\000p\000t\000i\000o\000n}{section.2.4}% 45
\BOOKMARK [2][-]{subsection.2.4.2}{\376\377\0002\000.\0004\000.\0002\000\040\000C\000o\000n\000s\000t\000r\000u\000c\000t\000o\000r\000\040\000\046\000\040\000D\000e\000s\000t\000r\000u\000c\000t\000o\000r\000\040\000D\000o\000c\000u\000m\000e\000n\000t\000a\000t\000i\000o\000n}{section.2.4}% 46
\BOOKMARK [3][-]{subsubsection.2.4.2.1}{\376\377\0002\000.\0004\000.\0002\000.\0001\000\040\000M\000e\000s\000h\0002\000d\000R\000e\000a\000d\000e\000r\000T\000y\000p\0002\000\050\000\051}{subsection.2.4.2}% 47
\BOOKMARK [2][-]{subsection.2.4.3}{\376\377\0002\000.\0004\000.\0003\000\040\000M\000e\000m\000b\000e\000r\000\040\000F\000u\000n\000c\000t\000i\000o\000n\000\040\000D\000o\000c\000u\000m\000e\000n\000t\000a\000t\000i\000o\000n}{section.2.4}% 48
\BOOKMARK [3][-]{subsubsection.2.4.3.1}{\376\377\0002\000.\0004\000.\0003\000.\0001\000\040\000r\000e\000a\000d\000\137\000m\000e\000s\000h\000\050\000\051}{subsection.2.4.3}% 49
\BOOKMARK [1][-]{section.2.5}{\376\377\0002\000.\0005\000\040\000m\000e\000s\000h\000\137\000n\000s\000:\000:\000M\000e\000s\000h\0002\000D\000V\000t\000k\000W\000r\000i\000t\000e\000r\000\040\000C\000l\000a\000s\000s\000\040\000R\000e\000f\000e\000r\000e\000n\000c\000e}{chapter.2}% 50
\BOOKMARK [0][-]{section*.7}{\376\377\000I\000n\000d\000e\000x}{}% 51
